{"C:\\Users\\user\\OneDrive\\Documentos\\miproyecto\\src\\index.ts": {"path":"C:\\Users\\user\\OneDrive\\Documentos\\miproyecto\\src\\index.ts","statementMap":{"0":{"start":{"line":2,"column":4},"end":{"line":2,"column":36}},"1":{"start":{"line":3,"column":27},"end":{"line":3,"column":63}},"2":{"start":{"line":4,"column":4},"end":{"line":4,"column":38}},"3":{"start":{"line":8,"column":4},"end":{"line":8,"column":57}},"4":{"start":{"line":9,"column":4},"end":{"line":9,"column":57}},"5":{"start":{"line":10,"column":29},"end":{"line":10,"column":63}},"6":{"start":{"line":11,"column":29},"end":{"line":11,"column":63}},"7":{"start":{"line":12,"column":4},"end":{"line":12,"column":49}},"8":{"start":{"line":16,"column":4},"end":{"line":16,"column":36}},"9":{"start":{"line":17,"column":19},"end":{"line":17,"column":36}},"10":{"start":{"line":18,"column":25},"end":{"line":18,"column":40}},"11":{"start":{"line":19,"column":4},"end":{"line":19,"column":47}}},"fnMap":{"0":{"name":"esPalindromo","decl":{"start":{"line":1,"column":16},"end":{"line":1,"column":28}},"loc":{"start":{"line":1,"column":55},"end":{"line":5,"column":1}},"line":1},"1":{"name":"esAnagrama","decl":{"start":{"line":7,"column":16},"end":{"line":7,"column":26}},"loc":{"start":{"line":7,"column":72},"end":{"line":13,"column":1}},"line":7},"2":{"name":"esIsograma","decl":{"start":{"line":15,"column":16},"end":{"line":15,"column":26}},"loc":{"start":{"line":15,"column":53},"end":{"line":20,"column":1}},"line":15}},"branchMap":{},"s":{"0":2,"1":2,"2":2,"3":2,"4":2,"5":2,"6":2,"7":2,"8":2,"9":2,"10":2,"11":2},"f":{"0":2,"1":2,"2":2},"b":{},"_coverageSchema":"1a1c01bbd47fc00a2c39e90264f33305004495a9","hash":"7727604a57f35943cff5683c12a55c90a16a8626"}
}
